Processing genome: GCF_000001405.40_GRCh38.p14_genomic.fna.gz
Using AluY sequence from: AluY.fa
Searching in NC_000001.11...
Total matches in NC_000001.11: 0

Searching in NT_187361.1...
Total matches in NT_187361.1: 0

Searching in NT_187362.1...
Total matches in NT_187362.1: 0

Searching in NT_187363.1...
Total matches in NT_187363.1: 0

Searching in NT_187364.1...
Total matches in NT_187364.1: 0

Searching in NT_187365.1...
Total matches in NT_187365.1: 0

Searching in NT_187366.1...
Total matches in NT_187366.1: 0

Searching in NT_187367.1...
Total matches in NT_187367.1: 0

Searching in NT_187368.1...
Total matches in NT_187368.1: 0

Searching in NT_187369.1...
Total matches in NT_187369.1: 0

Searching in NC_000002.12...
Total matches in NC_000002.12: 0

Searching in NT_187370.1...
Total matches in NT_187370.1: 0

Searching in NT_187371.1...
Total matches in NT_187371.1: 0

Searching in NC_000003.12...
Match at NC_000003.12: 88629832-88630143
Total matches in NC_000003.12: 1

Searching in NT_167215.1...
Total matches in NT_167215.1: 0

Searching in NC_000004.12...
Total matches in NC_000004.12: 0

Searching in NT_113793.3...
Total matches in NT_113793.3: 0

Searching in NC_000005.10...
Total matches in NC_000005.10: 0

Searching in NT_113948.1...
Total matches in NT_113948.1: 0

Searching in NC_000006.12...
Total matches in NC_000006.12: 0

Searching in NC_000007.14...
Match at NC_000007.14: 39808489-39808800
Total matches in NC_000007.14: 1

Searching in NC_000008.11...
Total matches in NC_000008.11: 0

Searching in NC_000009.12...
Total matches in NC_000009.12: 0

Searching in NT_187372.1...
Total matches in NT_187372.1: 0

Searching in NT_187373.1...
Total matches in NT_187373.1: 0

Searching in NT_187374.1...
Total matches in NT_187374.1: 0

Searching in NT_187375.1...
Total matches in NT_187375.1: 0

Searching in NC_000010.11...
Total matches in NC_000010.11: 0

Searching in NC_000011.10...
Total matches in NC_000011.10: 0

Searching in NC_000012.12...
Total matches in NC_000012.12: 0

Searching in NC_000013.11...
Total matches in NC_000013.11: 0

Searching in NC_000014.9...
Total matches in NC_000014.9: 0

Searching in NT_113796.3...
Total matches in NT_113796.3: 0

Searching in NT_167219.1...
Total matches in NT_167219.1: 0

Searching in NT_187377.1...
Total matches in NT_187377.1: 0

Searching in NT_113888.1...
Total matches in NT_113888.1: 0

Searching in NT_187378.1...
Total matches in NT_187378.1: 0

Searching in NT_187379.1...
Total matches in NT_187379.1: 0

Searching in NT_187380.1...
Total matches in NT_187380.1: 0

Searching in NT_187381.1...
Total matches in NT_187381.1: 0

Searching in NC_000015.10...
Total matches in NC_000015.10: 0

Searching in NT_187382.1...
Total matches in NT_187382.1: 0

Searching in NC_000016.10...
Total matches in NC_000016.10: 0

Searching in NT_187383.1...
Total matches in NT_187383.1: 0

Searching in NC_000017.11...
Match at NC_000017.11: 18689763-18690074
Total matches in NC_000017.11: 1

Searching in NT_113930.2...
Total matches in NT_113930.2: 0

Searching in NT_187384.1...
Total matches in NT_187384.1: 0

Searching in NT_187385.1...
Total matches in NT_187385.1: 0

Searching in NC_000018.10...
Total matches in NC_000018.10: 0

Searching in NC_000019.10...
Total matches in NC_000019.10: 0

Searching in NC_000020.11...
Total matches in NC_000020.11: 0

Searching in NC_000021.9...
Total matches in NC_000021.9: 0

Searching in NC_000022.11...
Total matches in NC_000022.11: 0

Searching in NT_187386.1...
Total matches in NT_187386.1: 0

Searching in NT_187387.1...
Total matches in NT_187387.1: 0

Searching in NT_187388.1...
Total matches in NT_187388.1: 0

Searching in NT_187390.1...
Total matches in NT_187390.1: 0

Searching in NT_187391.1...
Total matches in NT_187391.1: 0

Searching in NT_187392.1...
Total matches in NT_187392.1: 0

Searching in NT_187393.1...
Total matches in NT_187393.1: 0

Searching in NT_187394.1...
Total matches in NT_187394.1: 0

Searching in NC_000023.11...
Total matches in NC_000023.11: 0

Searching in NC_000024.10...
Total matches in NC_000024.10: 0

Searching in NT_187395.1...
Total matches in NT_187395.1: 0

Searching in NT_187396.1...
Total matches in NT_187396.1: 0

Searching in NT_187397.1...
Total matches in NT_187397.1: 0

Searching in NT_187398.1...
Total matches in NT_187398.1: 0

Searching in NT_187399.1...
Total matches in NT_187399.1: 0

Searching in NT_187400.1...
Total matches in NT_187400.1: 0

Searching in NT_187401.1...
Total matches in NT_187401.1: 0

Searching in NT_187402.1...
Total matches in NT_187402.1: 0

Searching in NT_187403.1...
Total matches in NT_187403.1: 0

Searching in NT_187404.1...
Total matches in NT_187404.1: 0

Searching in NT_187405.1...
Total matches in NT_187405.1: 0

Searching in NT_187406.1...
Total matches in NT_187406.1: 0

Searching in NT_187407.1...
Total matches in NT_187407.1: 0

Searching in NT_187408.1...
Total matches in NT_187408.1: 0

Searching in NT_187409.1...
Total matches in NT_187409.1: 0

Searching in NT_187410.1...
Total matches in NT_187410.1: 0

Searching in NT_187411.1...
Total matches in NT_187411.1: 0

Searching in NT_187412.1...
Total matches in NT_187412.1: 0

Searching in NT_187413.1...
Total matches in NT_187413.1: 0

Searching in NT_187414.1...
Total matches in NT_187414.1: 0

Searching in NT_187415.1...
Total matches in NT_187415.1: 0

Searching in NT_187416.1...
Total matches in NT_187416.1: 0

Searching in NT_187417.1...
Total matches in NT_187417.1: 0

Searching in NT_187418.1...
Total matches in NT_187418.1: 0

Searching in NT_187419.1...
Total matches in NT_187419.1: 0

Searching in NT_187420.1...
Total matches in NT_187420.1: 0

Searching in NT_187421.1...
Total matches in NT_187421.1: 0

Searching in NT_187422.1...
Total matches in NT_187422.1: 0

Searching in NT_187423.1...
Total matches in NT_187423.1: 0

Searching in NT_187424.1...
Total matches in NT_187424.1: 0

Searching in NT_187425.1...
Total matches in NT_187425.1: 0

Searching in NT_187426.1...
Total matches in NT_187426.1: 0

Searching in NT_187427.1...
Total matches in NT_187427.1: 0

Searching in NT_187428.1...
Total matches in NT_187428.1: 0

Searching in NT_187429.1...
Total matches in NT_187429.1: 0

Searching in NT_187430.1...
Total matches in NT_187430.1: 0

Searching in NT_187431.1...
Total matches in NT_187431.1: 0

Searching in NT_187432.1...
Total matches in NT_187432.1: 0

Searching in NT_187433.1...
Total matches in NT_187433.1: 0

Searching in NT_187434.1...
Total matches in NT_187434.1: 0

Searching in NT_187435.1...
Total matches in NT_187435.1: 0

Searching in NT_187436.1...
Total matches in NT_187436.1: 0

Searching in NT_187437.1...
Total matches in NT_187437.1: 0

Searching in NT_187438.1...
Total matches in NT_187438.1: 0

Searching in NT_187439.1...
Total matches in NT_187439.1: 0

Searching in NT_187440.1...
Total matches in NT_187440.1: 0

Searching in NT_187441.1...
Total matches in NT_187441.1: 0

Searching in NT_187442.1...
Total matches in NT_187442.1: 0

Searching in NT_187443.1...
Total matches in NT_187443.1: 0

Searching in NT_187444.1...
Total matches in NT_187444.1: 0

Searching in NT_187445.1...
Total matches in NT_187445.1: 0

Searching in NT_187446.1...
Total matches in NT_187446.1: 0

Searching in NT_187447.1...
Total matches in NT_187447.1: 0

Searching in NT_187448.1...
Total matches in NT_187448.1: 0

Searching in NT_187449.1...
Total matches in NT_187449.1: 0

Searching in NT_187450.1...
Total matches in NT_187450.1: 0

Searching in NT_187451.1...
Total matches in NT_187451.1: 0

Searching in NT_187452.1...
Total matches in NT_187452.1: 0

Searching in NT_187453.1...
Total matches in NT_187453.1: 0

Searching in NT_187454.1...
Total matches in NT_187454.1: 0

Searching in NT_187455.1...
Total matches in NT_187455.1: 0

Searching in NT_187456.1...
Total matches in NT_187456.1: 0

Searching in NT_187457.1...
Total matches in NT_187457.1: 0

Searching in NT_187458.1...
Total matches in NT_187458.1: 0

Searching in NT_187459.1...
Total matches in NT_187459.1: 0

Searching in NT_187460.1...
Total matches in NT_187460.1: 0

Searching in NT_187461.1...
Total matches in NT_187461.1: 0

Searching in NT_187462.1...
Total matches in NT_187462.1: 0

Searching in NT_187463.1...
Total matches in NT_187463.1: 0

Searching in NT_187464.1...
Total matches in NT_187464.1: 0

Searching in NT_187465.1...
Total matches in NT_187465.1: 0

Searching in NT_187466.1...
Total matches in NT_187466.1: 0

Searching in NT_187467.1...
Total matches in NT_187467.1: 0

Searching in NT_187468.1...
Total matches in NT_187468.1: 0

Searching in NT_187469.1...
Total matches in NT_187469.1: 0

Searching in NT_187470.1...
Total matches in NT_187470.1: 0

Searching in NT_187471.1...
Total matches in NT_187471.1: 0

Searching in NT_187472.1...
Total matches in NT_187472.1: 0

Searching in NT_187473.1...
Total matches in NT_187473.1: 0

Searching in NT_187474.1...
Total matches in NT_187474.1: 0

Searching in NT_187475.1...
Total matches in NT_187475.1: 0

Searching in NT_187476.1...
Total matches in NT_187476.1: 0

Searching in NT_187477.1...
Total matches in NT_187477.1: 0

Searching in NT_187478.1...
Total matches in NT_187478.1: 0

Searching in NT_187479.1...
Total matches in NT_187479.1: 0

Searching in NT_187480.1...
Total matches in NT_187480.1: 0

Searching in NT_187481.1...
Total matches in NT_187481.1: 0

Searching in NT_187482.1...
Total matches in NT_187482.1: 0

Searching in NT_187483.1...
Total matches in NT_187483.1: 0

Searching in NT_187484.1...
Total matches in NT_187484.1: 0

Searching in NT_187485.1...
Total matches in NT_187485.1: 0

Searching in NT_187486.1...
Total matches in NT_187486.1: 0

Searching in NT_187487.1...
Total matches in NT_187487.1: 0

Searching in NT_187488.1...
Total matches in NT_187488.1: 0

Searching in NT_187489.1...
Total matches in NT_187489.1: 0

Searching in NT_187490.1...
Total matches in NT_187490.1: 0

Searching in NT_187491.1...
Total matches in NT_187491.1: 0

Searching in NT_187492.1...
Total matches in NT_187492.1: 0

Searching in NT_187493.1...
Total matches in NT_187493.1: 0

Searching in NT_187494.1...
Total matches in NT_187494.1: 0

Searching in NT_187495.1...
Total matches in NT_187495.1: 0

Searching in NT_187496.1...
Total matches in NT_187496.1: 0

Searching in NT_113901.1...
Total matches in NT_113901.1: 0

Searching in NT_167213.1...
Total matches in NT_167213.1: 0

Searching in NT_167214.1...
Total matches in NT_167214.1: 0

Searching in NT_167218.1...
Total matches in NT_167218.1: 0

Searching in NT_187497.1...
Total matches in NT_187497.1: 0

Searching in NT_167220.1...
Total matches in NT_167220.1: 0

Searching in NT_167208.1...
Total matches in NT_167208.1: 0

Searching in NT_187498.1...
Total matches in NT_187498.1: 0

Searching in NT_187499.1...
Total matches in NT_187499.1: 0

Searching in NT_187500.1...
Total matches in NT_187500.1: 0

Searching in NT_187501.1...
Total matches in NT_187501.1: 0

Searching in NT_187502.1...
Total matches in NT_187502.1: 0

Searching in NT_187503.1...
Total matches in NT_187503.1: 0

Searching in NT_187504.1...
Total matches in NT_187504.1: 0

Searching in NT_187505.1...
Total matches in NT_187505.1: 0

Searching in NT_187506.1...
Total matches in NT_187506.1: 0

Searching in NT_187508.1...
Total matches in NT_187508.1: 0

Searching in NT_187509.1...
Total matches in NT_187509.1: 0

Searching in NT_187510.1...
Total matches in NT_187510.1: 0

Searching in NT_187511.1...
Total matches in NT_187511.1: 0

Searching in NT_187512.1...
Total matches in NT_187512.1: 0

Searching in NT_167209.1...
Total matches in NT_167209.1: 0

Searching in NT_187513.1...
Total matches in NT_187513.1: 0

Searching in NT_167211.2...
Total matches in NT_167211.2: 0

Searching in NT_113889.1...
Total matches in NT_113889.1: 0

Searching in NW_012132914.1...
Total matches in NW_012132914.1: 0

Searching in NW_015495298.1...
Total matches in NW_015495298.1: 0

Searching in NW_025791756.1...
Total matches in NW_025791756.1: 0

Searching in NW_011332688.1...
Total matches in NW_011332688.1: 0

Searching in NW_014040926.1...
Total matches in NW_014040926.1: 0

Searching in NW_009646195.1...
Total matches in NW_009646195.1: 0

Searching in NW_018654706.1...
Total matches in NW_018654706.1: 0

Searching in NW_019805487.1...
Total matches in NW_019805487.1: 0

Searching in NW_009646194.1...
Total matches in NW_009646194.1: 0

Searching in NW_018654707.1...
Total matches in NW_018654707.1: 0

Searching in NW_014040925.1...
Total matches in NW_014040925.1: 0

Searching in NW_017852928.1...
Total matches in NW_017852928.1: 0

Searching in NW_009646196.1...
Total matches in NW_009646196.1: 0

Searching in NW_025791753.1...
Total matches in NW_025791753.1: 0

Searching in NW_025791758.1...
Total matches in NW_025791758.1: 0

Searching in NW_025791759.1...
Total matches in NW_025791759.1: 0

Searching in NW_025791754.1...
Total matches in NW_025791754.1: 0

Searching in NW_011332687.1...
Total matches in NW_011332687.1: 0

Searching in NW_018654708.1...
Total matches in NW_018654708.1: 0

Searching in NW_014040927.1...
Total matches in NW_014040927.1: 0

Searching in NW_025791757.1...
Total matches in NW_025791757.1: 0

Searching in NW_025791755.1...
Total matches in NW_025791755.1: 0

Searching in NW_021159988.1...
Total matches in NW_021159988.1: 0

Searching in NW_025791767.1...
Total matches in NW_025791767.1: 0

Searching in NW_025791768.1...
Total matches in NW_025791768.1: 0

Searching in NW_025791766.1...
Total matches in NW_025791766.1: 0

Searching in NW_025791763.1...
Total matches in NW_025791763.1: 0

Searching in NW_012132915.1...
Total matches in NW_012132915.1: 0

Searching in NW_025791760.1...
Total matches in NW_025791760.1: 0

Searching in NW_025791765.1...
Total matches in NW_025791765.1: 0

Searching in NW_018654709.1...
Total matches in NW_018654709.1: 0

Searching in NW_025791762.1...
Total matches in NW_025791762.1: 0

Searching in NW_025791761.1...
Total matches in NW_025791761.1: 0

Searching in NW_025791764.1...
Total matches in NW_025791764.1: 0

Searching in NW_015495299.1...
Total matches in NW_015495299.1: 0

Searching in NW_018654710.1...
Total matches in NW_018654710.1: 0

Searching in NW_011332690.1...
Total matches in NW_011332690.1: 0

Searching in NW_021159987.1...
Total matches in NW_021159987.1: 0

Searching in NW_011332689.1...
Total matches in NW_011332689.1: 0

Searching in NW_017363813.1...
Total matches in NW_017363813.1: 0

Searching in NW_025791770.1...
Total matches in NW_025791770.1: 0

Searching in NW_025791771.1...
Total matches in NW_025791771.1: 0

Searching in NW_009646197.1...
Total matches in NW_009646197.1: 0

Searching in NW_012132916.1...
Total matches in NW_012132916.1: 0

Searching in NW_011332691.1...
Total matches in NW_011332691.1: 0

Searching in NW_021159989.1...
Total matches in NW_021159989.1: 0

Searching in NW_018654711.1...
Total matches in NW_018654711.1: 0

Searching in NW_012132917.1...
Total matches in NW_012132917.1: 0

Searching in NW_009646198.1...
Total matches in NW_009646198.1: 0

Searching in NW_019805491.1...
Total matches in NW_019805491.1: 0

Searching in NW_019805492.1...
Total matches in NW_019805492.1: 0

Searching in NW_019805490.1...
Total matches in NW_019805490.1: 0

Searching in NW_019805489.1...
Total matches in NW_019805489.1: 0

Searching in NW_019805488.1...
Total matches in NW_019805488.1: 0

Searching in NW_025791769.1...
Total matches in NW_025791769.1: 0

Searching in NW_021159990.1...
Total matches in NW_021159990.1: 0

Searching in NW_021159993.1...
Total matches in NW_021159993.1: 0

Searching in NW_013171799.1...
Total matches in NW_013171799.1: 0

Searching in NW_025791774.1...
Total matches in NW_025791774.1: 0

Searching in NW_021159992.1...
Total matches in NW_021159992.1: 0

Searching in NW_021159994.1...
Total matches in NW_021159994.1: 0

Searching in NW_021159991.1...
Total matches in NW_021159991.1: 0

Searching in NW_021159995.1...
Total matches in NW_021159995.1: 0

Searching in NW_013171800.1...
Total matches in NW_013171800.1: 0

Searching in NW_013171801.1...
Total matches in NW_013171801.1: 0

Searching in NW_025791772.1...
Total matches in NW_025791772.1: 0

Searching in NW_017363814.1...
Total matches in NW_017363814.1: 0

Searching in NW_025791773.1...
Total matches in NW_025791773.1: 0

Searching in NW_015495301.1...
Total matches in NW_015495301.1: 0

Searching in NW_015495300.1...
Total matches in NW_015495300.1: 0

Searching in NW_025791777.1...
Total matches in NW_025791777.1: 0

Searching in NW_018654712.1...
Total matches in NW_018654712.1: 0

Searching in NW_025791776.1...
Total matches in NW_025791776.1: 0

Searching in NW_009646199.1...
Total matches in NW_009646199.1: 0

Searching in NW_016107297.1...
Total matches in NW_016107297.1: 0

Searching in NW_025791779.1...
Total matches in NW_025791779.1: 0

Searching in NW_021159996.1...
Total matches in NW_021159996.1: 0

Searching in NW_025791778.1...
Total matches in NW_025791778.1: 0

Searching in NW_016107298.1...
Total matches in NW_016107298.1: 0

Searching in NW_025791775.1...
Total matches in NW_025791775.1: 0

Searching in NW_018654713.1...
Total matches in NW_018654713.1: 0

Searching in NW_013171803.1...
Total matches in NW_013171803.1: 0

Searching in NW_025791780.1...
Total matches in NW_025791780.1: 0

Searching in NW_012132918.1...
Total matches in NW_012132918.1: 0

Searching in NW_009646200.1...
Total matches in NW_009646200.1: 0

Searching in NW_013171802.1...
Total matches in NW_013171802.1: 0

Searching in NW_017363815.1...
Total matches in NW_017363815.1: 0

Searching in NW_021159997.1...
Total matches in NW_021159997.1: 0

Searching in NW_021159998.1...
Total matches in NW_021159998.1: 0

Searching in NW_019805493.1...
Total matches in NW_019805493.1: 0

Searching in NW_025791781.1...
Total matches in NW_025791781.1: 0

Searching in NW_017852929.1...
Total matches in NW_017852929.1: 0

Searching in NW_017852930.1...
Total matches in NW_017852930.1: 0

Searching in NW_018654714.1...
Total matches in NW_018654714.1: 0

Searching in NW_018654715.1...
Total matches in NW_018654715.1: 0

Searching in NW_012132919.1...
Total matches in NW_012132919.1: 0

Searching in NW_025791785.1...
Total matches in NW_025791785.1: 0

Searching in NW_018654717.1...
Total matches in NW_018654717.1: 0

Searching in NW_017852932.1...
Total matches in NW_017852932.1: 0

Searching in NW_025791782.1...
Total matches in NW_025791782.1: 0

Searching in NW_017852931.1...
Total matches in NW_017852931.1: 0

Searching in NW_025791784.1...
Total matches in NW_025791784.1: 0

Searching in NW_019805494.1...
Total matches in NW_019805494.1: 0

Searching in NW_025791786.1...
Total matches in NW_025791786.1: 0

Searching in NW_018654716.1...
Total matches in NW_018654716.1: 0

Searching in NW_025791783.1...
Total matches in NW_025791783.1: 0

Searching in NW_013171804.1...
Total matches in NW_013171804.1: 0

Searching in NW_013171805.1...
Total matches in NW_013171805.1: 0

Searching in NW_025791789.1...
Total matches in NW_025791789.1: 0

Searching in NW_025791787.1...
Total matches in NW_025791787.1: 0

Searching in NW_025791788.1...
Total matches in NW_025791788.1: 0

Searching in NW_009646201.1...
Total matches in NW_009646201.1: 0

Searching in NW_021159999.1...
Total matches in NW_021159999.1: 0

Searching in NW_021160000.1...
Total matches in NW_021160000.1: 0

Searching in NW_011332694.1...
Total matches in NW_011332694.1: 0

Searching in NW_021160001.1...
Total matches in NW_021160001.1: 0

Searching in NW_013171806.1...
Total matches in NW_013171806.1: 0

Searching in NW_009646202.1...
Total matches in NW_009646202.1: 0

Searching in NW_013171807.1...
Total matches in NW_013171807.1: 0

Searching in NW_025791790.1...
Total matches in NW_025791790.1: 0

Searching in NW_011332693.1...
Total matches in NW_011332693.1: 0

Searching in NW_011332692.1...
Total matches in NW_011332692.1: 0

Searching in NW_015148966.2...
Total matches in NW_015148966.2: 0

Searching in NW_025791792.1...
Total matches in NW_025791792.1: 0

Searching in NW_021160004.1...
Total matches in NW_021160004.1: 0

Searching in NW_025791794.1...
Total matches in NW_025791794.1: 0

Searching in NW_011332695.1...
Total matches in NW_011332695.1: 0

Searching in NW_021160006.1...
Total matches in NW_021160006.1: 0

Searching in NW_019805496.1...
Total matches in NW_019805496.1: 0

Searching in NW_019805495.1...
Total matches in NW_019805495.1: 0

Searching in NW_017363816.1...
Total matches in NW_017363816.1: 0

Searching in NW_025791793.1...
Total matches in NW_025791793.1: 0

Searching in NW_019805498.1...
Total matches in NW_019805498.1: 0

Searching in NW_021160005.1...
Total matches in NW_021160005.1: 0

Searching in NW_021160003.1...
Total matches in NW_021160003.1: 0

Searching in NW_019805497.1...
Total matches in NW_019805497.1: 0

Searching in NW_013171808.1...
Total matches in NW_013171808.1: 0

Searching in NW_021160002.1...
Total matches in NW_021160002.1: 0

Searching in NW_025791791.1...
Total matches in NW_025791791.1: 0

Searching in NW_009646203.1...
Total matches in NW_009646203.1: 0

Searching in NW_013171809.1...
Total matches in NW_013171809.1: 0

Searching in NW_018654718.1...
Total matches in NW_018654718.1: 0

Searching in NW_021160008.1...
Total matches in NW_021160008.1: 0

Searching in NW_011332696.1...
Total matches in NW_011332696.1: 0

Searching in NW_009646204.1...
Total matches in NW_009646204.1: 0

Searching in NW_025791795.1...
Total matches in NW_025791795.1: 0

Searching in NW_018654720.1...
Total matches in NW_018654720.1: 0

Searching in NW_015148967.1...
Total matches in NW_015148967.1: 0

Searching in NW_018654719.1...
Total matches in NW_018654719.1: 0

Searching in NW_011332697.1...
Total matches in NW_011332697.1: 0

Searching in NW_019805499.1...
Total matches in NW_019805499.1: 0

Searching in NW_021160007.1...
Total matches in NW_021160007.1: 0

Searching in NW_021160012.1...
Total matches in NW_021160012.1: 0

Searching in NW_011332699.1...
Total matches in NW_011332699.1: 0

Searching in NW_013171810.1...
Total matches in NW_013171810.1: 0

Searching in NW_021160009.1...
Total matches in NW_021160009.1: 0

Searching in NW_009646205.1...
Total matches in NW_009646205.1: 0

Searching in NW_011332700.1...
Total matches in NW_011332700.1: 0

Searching in NW_013171811.1...
Total matches in NW_013171811.1: 0

Searching in NW_021160010.1...
Total matches in NW_021160010.1: 0

Searching in NW_021160011.1...
Total matches in NW_021160011.1: 0

Searching in NW_011332698.1...
Total matches in NW_011332698.1: 0

Searching in NW_021160013.1...
Total matches in NW_021160013.1: 0

Searching in NW_025791796.1...
Total matches in NW_025791796.1: 0

Searching in NW_018654722.1...
Total matches in NW_018654722.1: 0

Searching in NW_021160014.1...
Total matches in NW_021160014.1: 0

Searching in NW_018654721.1...
Total matches in NW_018654721.1: 0

Searching in NW_011332701.1...
Total matches in NW_011332701.1: 0

Searching in NW_021160018.1...
Total matches in NW_021160018.1: 0

Searching in NW_021160017.1...
Total matches in NW_021160017.1: 0

Searching in NW_012132920.1...
Total matches in NW_012132920.1: 0

Searching in NW_025791798.1...
Total matches in NW_025791798.1: 0

Searching in NW_021160016.1...
Total matches in NW_021160016.1: 0

Searching in NW_025791797.1...
Total matches in NW_025791797.1: 0

Searching in NW_021160015.1...
Total matches in NW_021160015.1: 0

Searching in NW_025791799.1...
Total matches in NW_025791799.1: 0

Searching in NW_013171812.1...
Total matches in NW_013171812.1: 0

Searching in NW_019805500.1...
Total matches in NW_019805500.1: 0

Searching in NW_017852933.1...
Total matches in NW_017852933.1: 0

Searching in NW_021160019.1...
Total matches in NW_021160019.1: 0

Searching in NW_013171813.1...
Total matches in NW_013171813.1: 0

Searching in NW_018654723.1...
Total matches in NW_018654723.1: 0

Searching in NW_012132921.1...
Total matches in NW_012132921.1: 0

Searching in NW_025791800.1...
Total matches in NW_025791800.1: 0

Searching in NW_017363817.1...
Total matches in NW_017363817.1: 0

Searching in NW_021160020.1...
Total matches in NW_021160020.1: 0

Searching in NW_016107299.1...
Total matches in NW_016107299.1: 0

Searching in NW_017363819.1...
Total matches in NW_017363819.1: 0

Searching in NW_025791803.1...
Total matches in NW_025791803.1: 0

Searching in NW_025791801.1...
Total matches in NW_025791801.1: 0

Searching in NW_017363818.1...
Total matches in NW_017363818.1: 0

Searching in NW_019805501.1...
Total matches in NW_019805501.1: 0

Searching in NW_025791806.1...
Total matches in NW_025791806.1: 0

Searching in NW_025791802.1...
Total matches in NW_025791802.1: 0

Searching in NW_025791805.1...
Total matches in NW_025791805.1: 0

Searching in NW_021160021.1...
Total matches in NW_021160021.1: 0

Searching in NW_025791804.1...
Total matches in NW_025791804.1: 0

Searching in NW_019805503.1...
Total matches in NW_019805503.1: 0

Searching in NW_014040928.1...
Total matches in NW_014040928.1: 0

Searching in NW_019805502.1...
Total matches in NW_019805502.1: 0

Searching in NW_013171814.1...
Total matches in NW_013171814.1: 0

Searching in NW_018654724.1...
Total matches in NW_018654724.1: 0

Searching in NW_025791809.1...
Total matches in NW_025791809.1: 0

Searching in NW_025791810.1...
Total matches in NW_025791810.1: 0

Searching in NW_025791807.1...
Total matches in NW_025791807.1: 0

Searching in NW_021160022.1...
Total matches in NW_021160022.1: 0

Searching in NW_014040929.1...
Total matches in NW_014040929.1: 0

Searching in NW_025791808.1...
Total matches in NW_025791808.1: 0

Searching in NW_009646206.1...
Total matches in NW_009646206.1: 0

Searching in NW_016107300.1...
Total matches in NW_016107300.1: 0

Searching in NW_016107301.1...
Total matches in NW_016107301.1: 0

Searching in NW_016107302.1...
Total matches in NW_016107302.1: 0

Searching in NW_016107303.1...
Total matches in NW_016107303.1: 0

Searching in NW_016107304.1...
Total matches in NW_016107304.1: 0

Searching in NW_016107305.1...
Total matches in NW_016107305.1: 0

Searching in NW_016107306.1...
Total matches in NW_016107306.1: 0

Searching in NW_016107307.1...
Total matches in NW_016107307.1: 0

Searching in NW_016107308.1...
Total matches in NW_016107308.1: 0

Searching in NW_016107309.1...
Total matches in NW_016107309.1: 0

Searching in NW_016107310.1...
Total matches in NW_016107310.1: 0

Searching in NW_016107311.1...
Total matches in NW_016107311.1: 0

Searching in NW_016107313.1...
Total matches in NW_016107313.1: 0

Searching in NW_016107314.1...
Total matches in NW_016107314.1: 0

Searching in NW_016107312.1...
Total matches in NW_016107312.1: 0

Searching in NW_025791811.1...
Total matches in NW_025791811.1: 0

Searching in NW_025791812.1...
Total matches in NW_025791812.1: 0

Searching in NW_021160023.1...
Total matches in NW_021160023.1: 0

Searching in NW_025791813.1...
Total matches in NW_025791813.1: 0

Searching in NW_025791814.1...
Total matches in NW_025791814.1: 0

Searching in NW_025791815.1...
Total matches in NW_025791815.1: 0

Searching in NW_021160026.1...
Total matches in NW_021160026.1: 0

Searching in NW_021160024.1...
Total matches in NW_021160024.1: 0

Searching in NW_009646207.1...
Total matches in NW_009646207.1: 0

Searching in NW_014040930.1...
Total matches in NW_014040930.1: 0

Searching in NW_014040931.1...
Total matches in NW_014040931.1: 0

Searching in NW_009646208.1...
Total matches in NW_009646208.1: 0

Searching in NW_015148968.1...
Total matches in NW_015148968.1: 0

Searching in NW_021160025.1...
Total matches in NW_021160025.1: 0

Searching in NW_015148969.2...
Total matches in NW_015148969.2: 0

Searching in NW_017363820.1...
Total matches in NW_017363820.1: 0

Searching in NW_021160031.1...
Total matches in NW_021160031.1: 0

Searching in NW_025791820.1...
Total matches in NW_025791820.1: 0

Searching in NW_021160028.1...
Total matches in NW_021160028.1: 0

Searching in NW_025791816.1...
Total matches in NW_025791816.1: 0

Searching in NW_021160029.1...
Total matches in NW_021160029.1: 0

Searching in NW_025791817.1...
Total matches in NW_025791817.1: 0

Searching in NW_021160027.1...
Total matches in NW_021160027.1: 0

Searching in NW_025791819.1...
Total matches in NW_025791819.1: 0

Searching in NW_021160030.1...
Total matches in NW_021160030.1: 0

Searching in NW_025791818.1...
Total matches in NW_025791818.1: 0

Searching in NW_018654725.1...
Total matches in NW_018654725.1: 0

Searching in NW_025791821.1...
Total matches in NW_025791821.1: 0

Searching in NW_018654726.1...
Total matches in NW_018654726.1: 0

Searching in NW_009646209.1...
Total matches in NW_009646209.1: 0

Searching in NT_187515.1...
Total matches in NT_187515.1: 0

Searching in NT_187517.1...
Total matches in NT_187517.1: 0

Searching in NT_187514.1...
Total matches in NT_187514.1: 0

Searching in NT_187520.1...
Total matches in NT_187520.1: 0

Searching in NW_003315905.1...
Total matches in NW_003315905.1: 0

Searching in NW_003315906.1...
Total matches in NW_003315906.1: 0

Searching in NW_003315907.2...
Total matches in NW_003315907.2: 0

Searching in NT_187521.1...
Total matches in NT_187521.1: 0

Searching in NT_187519.1...
Total matches in NT_187519.1: 0

Searching in NT_187516.1...
Total matches in NT_187516.1: 0

Searching in NT_187518.1...
Total matches in NT_187518.1: 0

Searching in NT_187525.1...
Total matches in NT_187525.1: 0

Searching in NT_187526.1...
Total matches in NT_187526.1: 0

Searching in NT_187529.1...
Total matches in NT_187529.1: 0

Searching in NT_187522.1...
Total matches in NT_187522.1: 0

Searching in NW_003315908.1...
Total matches in NW_003315908.1: 0

Searching in NT_187524.1...
Total matches in NT_187524.1: 0

Searching in NT_187531.1...
Total matches in NT_187531.1: 0

Searching in NT_187530.1...
Total matches in NT_187530.1: 0

Searching in NT_187528.1...
Total matches in NT_187528.1: 0

Searching in NW_003571033.2...
Total matches in NW_003571033.2: 0

Searching in NW_003315909.1...
Total matches in NW_003315909.1: 0

Searching in NT_187527.1...
Total matches in NT_187527.1: 0

Searching in NT_187523.1...
Total matches in NT_187523.1: 0

Searching in NW_003871060.2...
Total matches in NW_003871060.2: 0

Searching in NT_187535.1...
Total matches in NT_187535.1: 0

Searching in NT_187537.1...
Total matches in NT_187537.1: 0

Searching in NW_003315913.1...
Total matches in NW_003315913.1: 0

Searching in NT_187533.1...
Total matches in NT_187533.1: 0

Searching in NT_187536.1...
Total matches in NT_187536.1: 0

Searching in NT_187538.1...
Total matches in NT_187538.1: 0

Searching in NT_187532.1...
Total matches in NT_187532.1: 0

Searching in NT_187534.1...
Total matches in NT_187534.1: 0

Searching in NT_187539.1...
Total matches in NT_187539.1: 0

Searching in NT_187540.1...
Total matches in NT_187540.1: 0

Searching in NW_003315915.1...
Total matches in NW_003315915.1: 0

Searching in NT_187541.1...
Total matches in NT_187541.1: 0

Searching in NT_167250.2...
Total matches in NT_167250.2: 0

Searching in NT_187544.1...
Total matches in NT_187544.1: 0

Searching in NW_003315914.1...
Total matches in NW_003315914.1: 0

Searching in NT_187542.1...
Total matches in NT_187542.1: 0

Searching in NT_187545.1...
Total matches in NT_187545.1: 0

Searching in NT_187543.1...
Total matches in NT_187543.1: 0

Searching in NT_187550.1...
Total matches in NT_187550.1: 0

Searching in NT_187548.1...
Total matches in NT_187548.1: 0

Searching in NT_187547.1...
Total matches in NT_187547.1: 0

Searching in NW_003315920.1...
Total matches in NW_003315920.1: 0

Searching in NW_003571036.1...
Total matches in NW_003571036.1: 0

Searching in NT_187551.1...
Total matches in NT_187551.1: 0

Searching in NW_003315917.2...
Total matches in NW_003315917.2: 0

Searching in NW_003315918.1...
Total matches in NW_003315918.1: 0

Searching in NT_187549.1...
Total matches in NT_187549.1: 0

Searching in NW_003315919.1...
Total matches in NW_003315919.1: 0

Searching in NT_187546.1...
Total matches in NT_187546.1: 0

Searching in NT_167244.2...
Total matches in NT_167244.2: 0

Searching in NT_187555.1...
Total matches in NT_187555.1: 0

Searching in NT_187554.1...
Total matches in NT_187554.1: 0

Searching in NW_003315921.1...
Total matches in NW_003315921.1: 0

Searching in NT_187556.1...
Total matches in NT_187556.1: 0

Searching in NT_187557.1...
Total matches in NT_187557.1: 0

Searching in NW_004166862.2...
Total matches in NW_004166862.2: 0

Searching in NT_187552.1...
Total matches in NT_187552.1: 0

Searching in NT_187553.1...
Total matches in NT_187553.1: 0

Searching in NT_187558.1...
Total matches in NT_187558.1: 0

Searching in NT_187561.1...
Total matches in NT_187561.1: 0

Searching in NT_187559.1...
Total matches in NT_187559.1: 0

Searching in NW_003315922.2...
Total matches in NW_003315922.2: 0

Searching in NT_187562.1...
Total matches in NT_187562.1: 0

Searching in NT_187564.1...
Total matches in NT_187564.1: 0

Searching in NT_187563.1...
Total matches in NT_187563.1: 0

Searching in NT_187560.1...
Total matches in NT_187560.1: 0

Searching in NT_187572.1...
Total matches in NT_187572.1: 0

Searching in NT_187568.1...
Total matches in NT_187568.1: 0

Searching in NT_187565.1...
Total matches in NT_187565.1: 0

Searching in NT_187576.1...
Total matches in NT_187576.1: 0

Searching in NT_187570.1...
Total matches in NT_187570.1: 0

Searching in NT_187577.1...
Total matches in NT_187577.1: 0

Searching in NT_187566.1...
Total matches in NT_187566.1: 0

Searching in NT_187567.1...
Total matches in NT_187567.1: 0

Searching in NT_187574.1...
Total matches in NT_187574.1: 0

Searching in NT_187575.1...
Total matches in NT_187575.1: 0

Searching in NT_187573.1...
Total matches in NT_187573.1: 0

Searching in NT_187571.1...
Total matches in NT_187571.1: 0

Searching in NT_187569.1...
Total matches in NT_187569.1: 0

Searching in NW_003315928.1...
Total matches in NW_003315928.1: 0

Searching in NW_003315929.1...
Total matches in NW_003315929.1: 0

Searching in NW_003315930.1...
Total matches in NW_003315930.1: 0

Searching in NW_003315931.1...
Total matches in NW_003315931.1: 0

Searching in NT_187578.1...
Total matches in NT_187578.1: 0

Searching in NW_003315934.1...
Total matches in NW_003315934.1: 0

Searching in NT_187579.1...
Total matches in NT_187579.1: 0

Searching in NW_003315935.1...
Total matches in NW_003315935.1: 0

Searching in NT_187586.1...
Total matches in NT_187586.1: 0

Searching in NT_187584.1...
Total matches in NT_187584.1: 0

Searching in NT_187585.1...
Total matches in NT_187585.1: 0

Searching in NT_187583.1...
Total matches in NT_187583.1: 0

Searching in NW_003315936.1...
Total matches in NW_003315936.1: 0

Searching in NW_003871073.1...
Total matches in NW_003871073.1: 0

Searching in NW_003871074.1...
Total matches in NW_003871074.1: 0

Searching in NT_187582.1...
Total matches in NT_187582.1: 0

Searching in NT_187581.1...
Total matches in NT_187581.1: 0

Searching in NW_003571049.1...
Total matches in NW_003571049.1: 0

Searching in NW_003571050.1...
Total matches in NW_003571050.1: 0

Searching in NT_187588.1...
Total matches in NT_187588.1: 0

Searching in NW_003315938.1...
Total matches in NW_003315938.1: 0

Searching in NT_187587.1...
Total matches in NT_187587.1: 0

Searching in NW_003315939.2...
Total matches in NW_003315939.2: 0

Searching in NW_003315941.1...
Total matches in NW_003315941.1: 0

Searching in NW_003315942.2...
Total matches in NW_003315942.2: 0

Searching in NT_187590.1...
Total matches in NT_187590.1: 0

Searching in NW_003315940.1...
Total matches in NW_003315940.1: 0

Searching in NT_187589.1...
Total matches in NT_187589.1: 0

Searching in NT_187591.1...
Total matches in NT_187591.1: 0

Searching in NT_187594.1...
Total matches in NT_187594.1: 0

Searching in NT_187593.1...
Total matches in NT_187593.1: 0

Searching in NT_187597.1...
Total matches in NT_187597.1: 0

Searching in NT_187595.1...
Total matches in NT_187595.1: 0

Searching in NT_187592.1...
Total matches in NT_187592.1: 0

Searching in NT_187596.1...
Total matches in NT_187596.1: 0

Searching in NT_187598.1...
Total matches in NT_187598.1: 0

Searching in NT_187601.1...
Total matches in NT_187601.1: 0

Searching in NT_187599.1...
Total matches in NT_187599.1: 0

Searching in NT_187600.1...
Total matches in NT_187600.1: 0

Searching in NT_187602.1...
Total matches in NT_187602.1: 0

Searching in NT_187604.1...
Total matches in NT_187604.1: 0

Searching in NT_187603.1...
Total matches in NT_187603.1: 0

Searching in NW_003315943.1...
Total matches in NW_003315943.1: 0

Searching in NT_187605.1...
Total matches in NT_187605.1: 0

Searching in NW_003315944.2...
Total matches in NW_003315944.2: 0

Searching in NT_187606.1...
Total matches in NT_187606.1: 0

Searching in NT_187610.1...
Total matches in NT_187610.1: 0

Searching in NT_187609.1...
Total matches in NT_187609.1: 0

Searching in NT_187608.1...
Total matches in NT_187608.1: 0

Searching in NT_187607.1...
Total matches in NT_187607.1: 0

Searching in NW_003315945.1...
Total matches in NW_003315945.1: 0

Searching in NW_003315946.1...
Total matches in NW_003315946.1: 0

Searching in NW_003315952.3...
Total matches in NW_003315952.3: 0

Searching in NT_187613.1...
Total matches in NT_187613.1: 0

Searching in NT_187611.1...
Total matches in NT_187611.1: 0

Searching in NT_187614.1...
Total matches in NT_187614.1: 0

Searching in NW_003871091.1...
Total matches in NW_003871091.1: 0

Searching in NW_003871092.1...
Total matches in NW_003871092.1: 0

Searching in NW_003315953.2...
Total matches in NW_003315953.2: 0

Searching in NT_167251.2...
Total matches in NT_167251.2: 0

Searching in NW_003315954.1...
Total matches in NW_003315954.1: 0

Searching in NT_187615.1...
Total matches in NT_187615.1: 0

Searching in NT_187616.1...
Total matches in NT_187616.1: 0

Searching in NW_003315955.1...
Total matches in NW_003315955.1: 0

Searching in NT_187612.1...
Total matches in NT_187612.1: 0

Searching in NT_187618.1...
Total matches in NT_187618.1: 0

Searching in NW_003315956.1...
Total matches in NW_003315956.1: 0

Searching in NW_003315959.1...
Total matches in NW_003315959.1: 0

Searching in NW_003315960.1...
Total matches in NW_003315960.1: 0

Searching in NW_003315957.1...
Total matches in NW_003315957.1: 0

Searching in NW_003315958.1...
Total matches in NW_003315958.1: 0

Searching in NW_003315961.1...
Total matches in NW_003315961.1: 0

Searching in NT_187617.1...
Total matches in NT_187617.1: 0

Searching in NT_187622.1...
Total matches in NT_187622.1: 0

Searching in NT_187621.1...
Total matches in NT_187621.1: 0

Searching in NW_003315962.1...
Total matches in NW_003315962.1: 0

Searching in NW_003315964.2...
Total matches in NW_003315964.2: 0

Searching in NW_003315965.1...
Total matches in NW_003315965.1: 0

Searching in NW_003315963.1...
Total matches in NW_003315963.1: 0

Searching in NT_187619.1...
Total matches in NT_187619.1: 0

Searching in NT_187620.1...
Total matches in NT_187620.1: 0

Searching in NW_003571054.1...
Total matches in NW_003571054.1: 0

Searching in NW_003315966.2...
Total matches in NW_003315966.2: 0

Searching in NT_187623.1...
Total matches in NT_187623.1: 0

Searching in NT_187625.1...
Total matches in NT_187625.1: 0

Searching in NT_187624.1...
Total matches in NT_187624.1: 0

Searching in NW_003315967.2...
Total matches in NW_003315967.2: 0

Searching in NT_187628.1...
Total matches in NT_187628.1: 0

Searching in NT_187627.1...
Total matches in NT_187627.1: 0

Searching in NW_003315968.2...
Total matches in NW_003315968.2: 0

Searching in NW_003315969.2...
Total matches in NW_003315969.2: 0

Searching in NW_003315970.2...
Total matches in NW_003315970.2: 0

Searching in NT_187626.1...
Total matches in NT_187626.1: 0

Searching in NT_187629.1...
Total matches in NT_187629.1: 0

Searching in NT_187632.1...
Total matches in NT_187632.1: 0

Searching in NT_187633.1...
Total matches in NT_187633.1: 0

Searching in NT_187630.1...
Total matches in NT_187630.1: 0

Searching in NT_187631.1...
Total matches in NT_187631.1: 0

Searching in NW_003315972.2...
Total matches in NW_003315972.2: 0

Searching in NW_003315971.2...
Total matches in NW_003315971.2: 0

Searching in NT_187634.1...
Total matches in NT_187634.1: 0

Searching in NT_187635.1...
Total matches in NT_187635.1: 0

Searching in NT_187646.1...
Total matches in NT_187646.1: 0

Searching in NT_187648.1...
Total matches in NT_187648.1: 0

Searching in NT_187647.1...
Total matches in NT_187647.1: 0

Searching in NT_187649.1...
Total matches in NT_187649.1: 0

Searching in NT_187650.1...
Total matches in NT_187650.1: 0

Searching in NT_187651.1...
Total matches in NT_187651.1: 0

Searching in NT_187652.1...
Total matches in NT_187652.1: 0

Searching in NT_113891.3...
Total matches in NT_113891.3: 0

Searching in NT_187653.1...
Total matches in NT_187653.1: 0

Searching in NT_187655.1...
Total matches in NT_187655.1: 0

Searching in NT_187654.1...
Total matches in NT_187654.1: 0

Searching in NT_187656.1...
Total matches in NT_187656.1: 0

Searching in NT_187657.1...
Total matches in NT_187657.1: 0

Searching in NT_187658.1...
Total matches in NT_187658.1: 0

Searching in NT_187659.1...
Total matches in NT_187659.1: 0

Searching in NT_187660.1...
Total matches in NT_187660.1: 0

Searching in NT_187662.1...
Total matches in NT_187662.1: 0

Searching in NT_187664.1...
Total matches in NT_187664.1: 0

Searching in NT_187661.1...
Total matches in NT_187661.1: 0

Searching in NW_003871093.1...
Total matches in NW_003871093.1: 0

Searching in NT_187663.1...
Total matches in NT_187663.1: 0

Searching in NT_187665.1...
Total matches in NT_187665.1: 0

Searching in NT_187666.1...
Total matches in NT_187666.1: 0

Searching in NW_003571055.2...
Total matches in NW_003571055.2: 0

Searching in NW_004504305.1...
Total matches in NW_004504305.1: 0

Searching in NT_187667.1...
Total matches in NT_187667.1: 0

Searching in NT_187678.1...
Total matches in NT_187678.1: 0

Searching in NT_187679.1...
Total matches in NT_187679.1: 0

Searching in NT_167245.2...
Total matches in NT_167245.2: 0

Searching in NT_187680.1...
Total matches in NT_187680.1: 0

Searching in NT_187681.1...
Total matches in NT_187681.1: 0

Searching in NW_003571056.2...
Total matches in NW_003571056.2: 0

Searching in NT_187682.1...
Total matches in NT_187682.1: 0

Searching in NT_187688.1...
Total matches in NT_187688.1: 0

Searching in NT_167246.2...
Total matches in NT_167246.2: 0

Searching in NW_003571057.2...
Total matches in NW_003571057.2: 0

Searching in NT_187689.1...
Total matches in NT_187689.1: 0

Searching in NT_167247.2...
Total matches in NT_167247.2: 0

Searching in NW_003571058.2...
Total matches in NW_003571058.2: 0

Searching in NT_187690.1...
Total matches in NT_187690.1: 0

Searching in NT_167248.2...
Total matches in NT_167248.2: 0

Searching in NW_003571059.2...
Total matches in NW_003571059.2: 0

Searching in NT_187691.1...
Total matches in NT_187691.1: 0

Searching in NT_167249.2...
Total matches in NT_167249.2: 0

Searching in NW_003571060.1...
Total matches in NW_003571060.1: 0

Searching in NT_187692.1...
Total matches in NT_187692.1: 0

Searching in NW_003571061.2...
Total matches in NW_003571061.2: 0

Searching in NT_187693.1...
Total matches in NT_187693.1: 0

Searching in NT_187636.1...
Total matches in NT_187636.1: 0

Searching in NT_187637.1...
Total matches in NT_187637.1: 0

Searching in NT_187638.1...
Total matches in NT_187638.1: 0

Searching in NT_187639.1...
Total matches in NT_187639.1: 0

Searching in NT_187640.1...
Total matches in NT_187640.1: 0

Searching in NT_187641.1...
Total matches in NT_187641.1: 0

Searching in NT_187642.1...
Total matches in NT_187642.1: 0

Searching in NT_187643.1...
Total matches in NT_187643.1: 0

Searching in NT_187644.1...
Total matches in NT_187644.1: 0

Searching in NT_187645.1...
Total matches in NT_187645.1: 0

Searching in NT_187668.1...
Total matches in NT_187668.1: 0

Searching in NT_187669.1...
Total matches in NT_187669.1: 0

Searching in NT_187670.1...
Total matches in NT_187670.1: 0

Searching in NT_187671.1...
Total matches in NT_187671.1: 0

Searching in NT_187672.1...
Total matches in NT_187672.1: 0

Searching in NT_187673.1...
Total matches in NT_187673.1: 0

Searching in NT_187674.1...
Total matches in NT_187674.1: 0

Searching in NT_187675.1...
Total matches in NT_187675.1: 0

Searching in NT_187676.1...
Total matches in NT_187676.1: 0

Searching in NT_187677.1...
Total matches in NT_187677.1: 0

Searching in NT_187683.1...
Total matches in NT_187683.1: 0

Searching in NT_187684.1...
Total matches in NT_187684.1: 0

Searching in NT_187685.1...
Total matches in NT_187685.1: 0

Searching in NT_187686.1...
Total matches in NT_187686.1: 0

Searching in NT_187687.1...
Total matches in NT_187687.1: 0

Searching in NT_113949.2...
Total matches in NT_113949.2: 0

Searching in NC_012920.1...
Total matches in NC_012920.1: 0

Total AluY matches in genome: 3
